10
1000
1003
1006
1008
1009
1011
1012
1014
1018
1023
1024
1026
1027
1028
1029
1031
1032
1034
1037
1038
1041
1043
1044
1047
1050
1051
1053
1056
1057
1058
1059
106
1062
1065
1067
1068
1069
107
1072
1073
1076
1077
1078
1085
1086
1087
1088
1090
1092
1093
1096
1099
110
1106
1107
1112
1113
1116
1119
112
1121
1123
1125
1127
1128
1130
1131
1136
1137
1139
1140
1142
1143
1144
1145
1146
1147
1150
1151
1152
1153
1154
1155
1157
1158
1160
1161
1163
1165
1166
1167
1168
117
1170
1171
1173
1175
1176
1177
118
1182
1184
1186
1189
119
1190
1191
1193
1196
1197
1198
1199
12
1200
1202
1203
1204
1205
1207
1208
1209
121
1210
1211
1213
1215
1216
1218
1220
1221
1222
1223
1226
1227
123
1230
1232
1233
1234
1235
1236
1237
1238
1239
124
1240
1241
1243
1244
1246
1247
125
1250
1252
1253
1254
1256
1257
1258
1259
126
1260
1261
1262
1264
1265
1268
1272
1274
1275
1276
1277
1278
1279
128
1281
1286
1287
1288
129
1292
1293
1294
1295
1299
130
1302
1305
1307
1309
131
1310
1314
1315
1316
1318
1321
1323
1324
1328
1329
133
1330
1331
1332
1333
1334
1337
1338
1339
1342
1343
1347
1348
135
1350
1351
1352
1353
1354
1355
1357
1358
1361
1362
1363
1364
1365
1366
1367
1369
137
1370
1371
1377
1378
138
1380
1381
1385
1386
1387
139
1391
1392
1395
1397
1399
140
1404
1405
1409
1414
1415
1418
142
1420
1421
1422
1423
1424
1425
1428
1429
143
1430
1433
1434
1435
1436
1437
1438
1440
1443
1444
1445
1446
1447
1448
1449
145
1450
1451
1453
1454
1455
1456
1458
146
1461
1463
1464
1465
1467
1468
1474
1475
1476
1479
148
1482
1486
1487
1488
1489
149
1491
1492
1493
1494
1497
1499
150
1500
1502
1503
1504
1507
1510
1511
1513
1514
1515
1516
1517
1518
1519
1521
1522
1523
1524
1525
1527
1529
1530
1531
1532
1533
1535
1536
1537
1538
1539
1541
1542
1544
1545
1546
1547
1548
155
1550
1552
1553
1554
1555
1556
1558
156
1560
1562
1563
1566
1567
1568
1569
1570
1571
1572
1573
1574
1575
1576
1578
1579
158
1581
1582
1583
1584
1585
1586
1587
1588
1589
159
1590
1592
1594
1596
1597
1599
160
1600
1601
1602
1603
1604
1605
1606
1607
1608
1609
161
1610
1611
1612
1613
1614
1615
1617
1619
162
1620
1621
1622
1623
1624
1625
1627
1628
1629
163
1630
1631
1633
1634
1635
1638
1640
1641
1642
1645
1646
1647
1648
1649
1650
1651
1652
1653
1654
1655
1656
1657
1659
166
1661
1662
1663
1667
1668
167
1670
1673
1674
1677
1678
1680
1681
1682
1685
1686
1687
1688
1690
1693
1695
1699
1700
1701
1705
1706
1707
1708
1709
171
1710
1712
1715
1716
1717
1718
1719
1722
1723
1724
1725
1728
1729
1730
1732
1734
1736
1738
1739
1740
1741
1742
1744
1745
1746
1747
1749
175
1750
1751
1752
1753
1754
1755
1756
1757
1758
1759
1762
1765
1766
1768
1769
177
1771
1773
1775
1779
1780
1781
1783
1786
1787
1789
1790
1791
1792
1796
1797
1798
1799
18
1801
1802
1805
1807
1808
1809
181
1810
1811
1812
1813
1814
1816
1817
1818
182
1820
1822
1823
1828
1829
183
1831
1832
1834
1835
1836
1837
1839
184
1841
1842
1843
1844
1845
1851
1852
1854
1857
1858
1859
1860
1861
1862
1865
1866
1867
1869
1872
1874
1878
1879
188
1881
1884
1890
1896
1897
1899
19
1900
1908
1909
1912
1915
1916
1918
192
1920
1921
1923
1924
1925
1927
1928
1930
1931
1934
1935
1937
1938
194
1941
1942
1943
1945
1946
1948
1949
195
1950
1954
1956
1957
1959
196
1960
1961
1962
1963
1965
1966
1967
1968
197
1970
1971
1973
1975
1976
1977
198
1980
1981
1984
1985
1988
1989
199
1992
1993
1995
1996
1998
2000
2008
201
2012
2016
2017
2018
2019
202
2021
2024
2025
2026
2027
2030
2031
2036
2038
204
2041
2043
2045
2047
2048
2050
2052
2053
2056
2058
2059
206
2060
2061
2063
2064
2066
2067
2068
2069
2070
2072
2074
2075
2076
2077
208
2082
2089
2093
2100
2101
2102
2103
2104
2105
2108
2109
211
2111
2113
2115
2119
2122
2124
2125
2126
2129
2130
2131
2138
2139
214
2143
2145
2147
2149
2153
2154
2158
2159
216
2161
2165
2166
2167
2168
2171
2173
2177
2178
2179
218
2180
2181
2182
2183
2184
2185
219
2192
2196
2197
2199
2202
2203
2206
2209
2210
2215
2217
2219
2220
2223
2224
2226
2229
2231
2232
2235
2237
2238
2239
224
2240
2241
2242
2245
2249
225
2252
2256
2258
2259
2260
2263
2266
2268
2269
227
2272
2275
2277
2279
2282
2285
2287
2288
229
2292
2296
2306
2307
2308
2310
2311
2312
2313
2317
2318
232
2321
2326
233
2330
2331
2334
2336
2337
2344
2346
2347
2349
2350
2352
2354
2359
2360
2362
2363
2365
2367
2371
2372
2373
2377
2379
2380
2383
2386
2387
2389
2392
2395
2397
2399
2401
2402
2403
2405
2406
2407
2408
2409
2410
2411
2412
2413
2414
2415
2417
2418
2419
2420
2421
2422
2423
2424
2425
2426
2427
2428
2429
2430
2431
2432
2433
2434
2435
2436
2437
2438
2440
2442
2444
2446
2447
2448
2449
245
2450
2451
2452
2456
2458
2459
2460
2462
2463
2464
2466
2467
2468
2469
247
2470
2472
2474
2475
2476
2478
2479
248
2480
2481
2483
2484
2485
2486
2487
2488
2489
249
2490
2492
2496
2497
2500
2501
2503
2504
2505
2506
2509
251
2512
2513
2514
2515
2516
2518
2519
252
2520
2521
2522
2523
2526
2527
2528
2529
253
2530
2531
2532
2534
2535
2538
254
2540
2541
2542
2545
2546
2547
2548
2549
2550
2553
2554
2556
2557
2562
2563
2564
2566
2567
2568
2569
257
2570
2571
2572
2574
2577
2578
2579
258
2581
2582
2583
2584
2587
2589
259
2590
2593
2594
2596
2597
2598
2599
26
2600
2601
2602
2603
2605
2606
2607
2608
2612
2614
2616
2617
2619
2620
2621
2624
2626
2628
2630
2632
2633
2634
2637
2640
2642
2644
2645
2647
2648
2649
2651
2655
2656
2657
2658
2661
2662
2665
2666
2668
2670
2671
2672
2674
2675
2676
2677
2678
268
2680
2681
2683
2684
2685
2686
2687
2688
2689
2691
2694
2696
2697
2698
270
2700
2702
2703
2704
2705
2706
2709
2710
2712
2714
2715
2719
272
2724
2725
2728
273
2730
2733
2735
2736
2737
274
2743
2744
2745
2747
275
2752
2753
2758
276
2766
2768
2769
277
2770
2773
278
2780
2781
2782
2784
2787
279
2791
2792
2796
2798
28
280
2800
2803
2808
2812
2814
2817
282
2821
2822
2824
2825
2827
283
2832
2836
284
2842
2845
2846
2847
2850
2852
2855
2859
2861
2864
2870
2875
2881
2885
2886
2887
2889
289
2893
2894
2895
2898
29
290
2902
2903
2907
2908
2909
291
2910
2914
2915
2916
2917
2919
292
2922
2925
293
2936
2937
2938
2941
2944
2945
2946
2956
2957
2958
296
2962
2963
2967
2970
2972
2974
298
2984
2985
2989
2991
2993
2999
3002
301
3012
3018
3024
3027
3037
3039
3049
3059
306
3066
3068
307
3074
3075
3076
3079
3081
3084
3085
3087
309
3090
3094
3095
3099
310
3104
3113
3116
312
3123
3125
3128
3129
313
3130
3132
3134
3137
3143
3144
3145
3147
3148
3149
315
3150
3151
3153
3154
3155
3158
316
3162
3173
3177
3183
3185
3186
3187
319
3195
3196
3198
32
320
3202
3204
3206
3208
321
3211
3212
3217
3221
3224
3227
323
3230
3231
3237
3239
324
3240
3244
3249
3253
3254
3259
326
3262
3263
3266
3271
3277
3279
3280
3281
3282
3284
3289
3292
3294
3295
3297
3299
33
330
3309
331
3310
3311
3313
3314
3316
3317
3322
3323
3324
3326
3333
3334
3338
334
3345
3346
3351
3354
3355
3356
3357
3358
3359
3362
3363
3366
337
3371
3372
3373
3376
3381
3382
3388
339
3392
3394
3397
3400
3401
3403
3405
3406
3407
3409
341
3414
3417
342
3424
3426
3427
3434
3436
3437
3445
345
3451
3454
3455
3456
3457
346
3462
3463
3464
3465
3468
3469
3472
3473
3474
3475
3476
3478
3479
3482
3489
3493
3496
3497
3498
3499
350
3500
3501
3502
3511
3514
3515
3519
352
3524
3526
3527
3529
353
3535
3537
3538
3539
354
3541
3542
3543
3546
3550
3553
3557
3558
3561
3562
3565
3566
3571
3576
3579
359
3590
3591
3594
3596
3597
3598
36
360
3602
3603
3604
3605
3608
3613
3616
3623
3624
3625
3626
3629
3631
3634
3635
3637
3639
364
3640
3641
3646
3650
3652
3654
3657
3660
3662
3663
3667
367
3675
3676
3678
3679
3680
3682
3684
3685
3687
3688
3689
369
3690
3692
3695
3696
3698
3699
37
3702
3704
371
3713
3714
3715
3716
3717
3718
3719
3721
3722
3723
3726
3727
3728
3729
3730
3732
3733
3734
3739
374
3740
3742
3744
3745
3747
3748
3749
3750
3752
3753
3754
3755
3756
3757
3758
376
3760
3761
3762
3763
3764
3765
3768
3770
3771
3772
3773
3775
3776
3777
3778
3779
3781
3782
3784
3785
3786
3787
3788
3792
3793
3795
3796
3799
38
380
3800
3802
3803
3804
3805
3807
3808
3809
3810
3812
3814
3815
3816
3818
3819
3820
3821
3822
3823
3825
3826
3827
3828
383
3831
3832
3834
3835
3836
3838
3839
384
3840
3841
3846
3848
3849
3850
3857
3858
3859
386
3860
3861
3862
3865
3866
3868
3869
3870
3871
3874
3876
3877
3878
3879
388
3880
3883
3886
3888
3889
389
3890
3893
3894
3895
3896
3897
3898
3900
3902
3903
3904
3906
3908
3909
391
3910
3911
3912
3913
3914
3915
3916
3918
3919
392
3920
3921
3922
3923
3925
3926
3927
3928
3929
3931
3932
3933
3934
3936
3937
3939
394
3940
3941
3942
3943
3944
3945
3946
3947
3948
3949
3951
3952
3953
396
400
401
404
405
408
41
412
414
417
418
42
420
421
423
426
427
429
43
430
431
432
435
438
439
44
445
446
447
448
449
45
450
451
453
454
458
459
46
462
464
465
466
468
469
47
471
472
473
474
477
478
479
48
482
484
486
487
488
489
490
491
492
495
496
497
498
499
50
500
501
502
503
504
507
509
51
513
514
515
517
520
521
526
528
530
534
536
537
539
540
541
542
543
544
545
546
547
548
549
55
551
556
56
561
562
564
565
569
57
570
575
577
578
579
58
580
581
582
583
584
586
587
589
590
592
593
594
595
596
598
599
601
603
605
606
608
611
614
618
62
621
622
623
628
63
633
634
635
636
639
64
640
644
646
648
649
65
650
651
653
656
661
665
666
667
668
67
670
671
672
673
674
675
678
68
681
682
683
684
687
688
689
690
691
692
693
696
697
699
7
703
705
706
708
712
713
718
72
720
721
723
724
725
726
728
734
735
736
737
738
739
74
741
742
745
747
749
75
750
751
752
754
755
76
761
762
766
767
768
769
77
770
771
772
773
774
776
779
781
782
783
784
787
788
789
791
792
793
795
798
803
804
805
807
809
810
814
815
816
818
819
82
821
822
824
825
826
828
829
832
833
834
835
838
839
84
841
842
843
848
849
850
852
853
854
855
856
859
860
862
864
866
868
871
872
873
876
88
880
881
882
884
885
886
887
889
890
892
894
899
9
905
906
909
912
915
917
918
920
924
927
929
93
932
933
934
937
941
942
943
944
945
949
95
950
953
955
956
96
960
961
963
965
966
967
97
970
972
977
980
981
984
985
988
990
993
994
995
999
